<?xml version="1.0" encoding="UTF-8"?>
<testsuite name="com.api.starwars.controllers.PlanetControllerTest" tests="11" skipped="0" failures="0" errors="0" timestamp="2021-05-21T05:40:13" hostname="DESKTOP-HHM0S89" time="0.458">
  <properties/>
  <testcase name="should_return_a_planet_when_find_by_right_name()" classname="com.api.starwars.controllers.PlanetControllerTest" time="0.169"/>
  <testcase name="should_return_a_planet_when_find_by_wrong_id()" classname="com.api.starwars.controllers.PlanetControllerTest" time="0.009"/>
  <testcase name="should_return_a_planet_when_find_by_right_id()" classname="com.api.starwars.controllers.PlanetControllerTest" time="0.009"/>
  <testcase name="should_return_a_not_empty_page()" classname="com.api.starwars.controllers.PlanetControllerTest" time="0.033"/>
  <testcase name="should_return_a_planet_when_find_by_wrong_name()" classname="com.api.starwars.controllers.PlanetControllerTest" time="0.009"/>
  <testcase name="should_delete_by_wrong_id()" classname="com.api.starwars.controllers.PlanetControllerTest" time="0.008"/>
  <testcase name="should_return_all_companies_empty()" classname="com.api.starwars.controllers.PlanetControllerTest" time="0.008"/>
  <testcase name="should_insert_planet_successfully()" classname="com.api.starwars.controllers.PlanetControllerTest" time="0.169"/>
  <testcase name="should_delete_by_right_id()" classname="com.api.starwars.controllers.PlanetControllerTest" time="0.01"/>
  <testcase name="should_return_an_empty_page()" classname="com.api.starwars.controllers.PlanetControllerTest" time="0.007"/>
  <testcase name="should_return_all_companies()" classname="com.api.starwars.controllers.PlanetControllerTest" time="0.008"/>
  <system-out><![CDATA[2021-05-21 02:40:10.579  INFO 20456 --- [    Test worker] .b.t.c.SpringBootTestContextBootstrapper : Neither @ContextConfiguration nor @ContextHierarchy found for test class [com.api.starwars.controllers.PlanetControllerTest], using SpringBootContextLoader
2021-05-21 02:40:10.581  INFO 20456 --- [    Test worker] o.s.t.c.support.AbstractContextLoader    : Could not detect default resource locations for test class [com.api.starwars.controllers.PlanetControllerTest]: no resource found for suffixes {-context.xml, Context.groovy}.
2021-05-21 02:40:10.581  INFO 20456 --- [    Test worker] t.c.s.AnnotationConfigContextLoaderUtils : Could not detect default configuration classes for test class [com.api.starwars.controllers.PlanetControllerTest]: PlanetControllerTest does not declare any static, non-private, non-final, nested classes annotated with @Configuration.
2021-05-21 02:40:10.598  INFO 20456 --- [    Test worker] .b.t.c.SpringBootTestContextBootstrapper : Found @SpringBootConfiguration com.api.starwars.StarwarsApplication for test class com.api.starwars.controllers.PlanetControllerTest
2021-05-21 02:40:10.601  INFO 20456 --- [    Test worker] .b.t.c.SpringBootTestContextBootstrapper : Loaded default TestExecutionListener class names from location [META-INF/spring.factories]: [org.springframework.boot.test.autoconfigure.restdocs.RestDocsTestExecutionListener, org.springframework.boot.test.autoconfigure.web.client.MockRestServiceServerResetTestExecutionListener, org.springframework.boot.test.autoconfigure.web.servlet.MockMvcPrintOnlyOnFailureTestExecutionListener, org.springframework.boot.test.autoconfigure.web.servlet.WebDriverTestExecutionListener, org.springframework.boot.test.autoconfigure.webservices.client.MockWebServiceServerTestExecutionListener, org.springframework.boot.test.mock.mockito.MockitoTestExecutionListener, org.springframework.boot.test.mock.mockito.ResetMocksTestExecutionListener, org.springframework.test.context.web.ServletTestExecutionListener, org.springframework.test.context.support.DirtiesContextBeforeModesTestExecutionListener, org.springframework.test.context.event.ApplicationEventsTestExecutionListener, org.springframework.test.context.support.DependencyInjectionTestExecutionListener, org.springframework.test.context.support.DirtiesContextTestExecutionListener, org.springframework.test.context.transaction.TransactionalTestExecutionListener, org.springframework.test.context.jdbc.SqlScriptsTestExecutionListener, org.springframework.test.context.event.EventPublishingTestExecutionListener]
2021-05-21 02:40:10.601  INFO 20456 --- [    Test worker] .b.t.c.SpringBootTestContextBootstrapper : Using TestExecutionListeners: [org.springframework.test.context.web.ServletTestExecutionListener@7da1829d, org.springframework.test.context.support.DirtiesContextBeforeModesTestExecutionListener@3049cab7, org.springframework.test.context.event.ApplicationEventsTestExecutionListener@7a225bb4, org.springframework.boot.test.mock.mockito.MockitoTestExecutionListener@2a762f4c, org.springframework.boot.test.autoconfigure.SpringBootDependencyInjectionTestExecutionListener@5bb2f5f5, org.springframework.test.context.support.DirtiesContextTestExecutionListener@25509046, org.springframework.test.context.transaction.TransactionalTestExecutionListener@4d4780a3, org.springframework.test.context.jdbc.SqlScriptsTestExecutionListener@56d0ca08, org.springframework.test.context.event.EventPublishingTestExecutionListener@1a01907a, org.springframework.boot.test.autoconfigure.restdocs.RestDocsTestExecutionListener@3bf2e1dc, org.springframework.boot.test.autoconfigure.web.client.MockRestServiceServerResetTestExecutionListener@4ac13c99, org.springframework.boot.test.autoconfigure.web.servlet.MockMvcPrintOnlyOnFailureTestExecutionListener@1a113f43, org.springframework.boot.test.autoconfigure.web.servlet.WebDriverTestExecutionListener@c85fe3b, org.springframework.boot.test.autoconfigure.webservices.client.MockWebServiceServerTestExecutionListener@20d50276, org.springframework.boot.test.mock.mockito.ResetMocksTestExecutionListener@63b3c701]

  .   ____          _            __ _ _
 /\\ / ___'_ __ _ _(_)_ __  __ _ \ \ \ \
( ( )\___ | '_ | '_| | '_ \/ _` | \ \ \ \
 \\/  ___)| |_)| | | | | || (_| |  ) ) ) )
  '  |____| .__|_| |_|_| |_\__, | / / / /
 =========|_|==============|___/=/_/_/_/
 :: Spring Boot ::                (v2.4.5)

2021-05-21 02:40:10.645  INFO 20456 --- [    Test worker] c.a.s.controllers.PlanetControllerTest   : Starting PlanetControllerTest using Java 11.0.10 on DESKTOP-HHM0S89 with PID 20456 (started by Development Student in C:\Users\Development Student\Documents\starwars)
2021-05-21 02:40:10.645  INFO 20456 --- [    Test worker] c.a.s.controllers.PlanetControllerTest   : The following profiles are active: dev
2021-05-21 02:40:11.059  INFO 20456 --- [    Test worker] .s.d.r.c.RepositoryConfigurationDelegate : Bootstrapping Spring Data MongoDB repositories in DEFAULT mode.
2021-05-21 02:40:11.080  INFO 20456 --- [    Test worker] .s.d.r.c.RepositoryConfigurationDelegate : Finished Spring Data repository scanning in 20 ms. Found 1 MongoDB repository interfaces.
2021-05-21 02:40:11.918  INFO 20456 --- [    Test worker] pertySourcedRequestMappingHandlerMapping : Mapped URL path [/v2/api-docs] onto method [springfox.documentation.swagger2.web.Swagger2Controller#getDocumentation(String, HttpServletRequest)]
2021-05-21 02:40:12.104  INFO 20456 --- [    Test worker] o.s.s.concurrent.ThreadPoolTaskExecutor  : Initializing ExecutorService 'applicationTaskExecutor'
2021-05-21 02:40:12.678  INFO 20456 --- [      Thread-10] o.s.b.a.mongo.embedded.EmbeddedMongo     : note: noprealloc may hurt performance in many applications
2021-05-21 02:40:12.764  INFO 20456 --- [      Thread-10] o.s.b.a.mongo.embedded.EmbeddedMongo     : 2021-05-21T02:40:12.764-0300 I CONTROL  [initandlisten] MongoDB starting : pid=11952 port=49759 dbpath=C:\Users\DEVELO~1\AppData\Local\Temp\embedmongo-db-4d6905a1-8225-4dcc-99a7-c6e68a7d04ef 64-bit host=DESKTOP-HHM0S89
2021-05-21 02:40:12.764  INFO 20456 --- [      Thread-10] o.s.b.a.mongo.embedded.EmbeddedMongo     : 2021-05-21T02:40:12.764-0300 I CONTROL  [initandlisten] targetMinOS: Windows Vista/Windows Server 2008
2021-05-21 02:40:12.764  INFO 20456 --- [      Thread-10] o.s.b.a.mongo.embedded.EmbeddedMongo     : 2021-05-21T02:40:12.764-0300 I CONTROL  [initandlisten] db version v3.5.5
2021-05-21 02:40:12.764  INFO 20456 --- [      Thread-10] o.s.b.a.mongo.embedded.EmbeddedMongo     : 2021-05-21T02:40:12.764-0300 I CONTROL  [initandlisten] git version: 98515c812b6fa893613f063dae568ff8319cbfbd
2021-05-21 02:40:12.764  INFO 20456 --- [      Thread-10] o.s.b.a.mongo.embedded.EmbeddedMongo     : 2021-05-21T02:40:12.764-0300 I CONTROL  [initandlisten] allocator: tcmalloc
2021-05-21 02:40:12.765  INFO 20456 --- [      Thread-10] o.s.b.a.mongo.embedded.EmbeddedMongo     : 2021-05-21T02:40:12.764-0300 I CONTROL  [initandlisten] modules: none
2021-05-21 02:40:12.765  INFO 20456 --- [      Thread-10] o.s.b.a.mongo.embedded.EmbeddedMongo     : 2021-05-21T02:40:12.764-0300 I CONTROL  [initandlisten] build environment:
2021-05-21 02:40:12.765  INFO 20456 --- [      Thread-10] o.s.b.a.mongo.embedded.EmbeddedMongo     : 2021-05-21T02:40:12.764-0300 I CONTROL  [initandlisten]     distarch: x86_64
2021-05-21 02:40:12.765  INFO 20456 --- [      Thread-10] o.s.b.a.mongo.embedded.EmbeddedMongo     : 2021-05-21T02:40:12.764-0300 I CONTROL  [initandlisten]     target_arch: x86_64
2021-05-21 02:40:12.765  INFO 20456 --- [      Thread-10] o.s.b.a.mongo.embedded.EmbeddedMongo     : 2021-05-21T02:40:12.764-0300 I CONTROL  [initandlisten] options: { net: { bindIp: "127.0.0.1", http: { enabled: false }, port: 49759 }, security: { authorization: "disabled" }, storage: { dbPath: "C:\Users\DEVELO~1\AppData\Local\Temp\embedmongo-db-4d6905a1-8225-4dcc-99a7-c6e68a7d04ef", journal: { enabled: false }, mmapv1: { preallocDataFiles: false, smallFiles: true }, syncPeriodSecs: 0.0 } }
2021-05-21 02:40:12.766  INFO 20456 --- [      Thread-10] o.s.b.a.mongo.embedded.EmbeddedMongo     : 2021-05-21T02:40:12.766-0300 I STORAGE  [initandlisten] wiredtiger_open config: create,cache_size=9642M,session_max=20000,eviction=(threads_min=4,threads_max=4),config_base=false,statistics=(fast),log=(enabled=true,archive=true,path=journal,compressor=snappy),file_manager=(close_idle_time=100000),checkpoint=(wait=0,log_size=2GB),statistics_log=(wait=0),verbose=(recovery_progress),,log=(enabled=false),
2021-05-21 02:40:12.816  INFO 20456 --- [      Thread-10] o.s.b.a.mongo.embedded.EmbeddedMongo     : 2021-05-21T02:40:12.816-0300 W STORAGE  [initandlisten] Detected configuration for non-active storage engine mmapv1 when current storage engine is wiredTiger
2021-05-21 02:40:12.816  INFO 20456 --- [      Thread-10] o.s.b.a.mongo.embedded.EmbeddedMongo     : 2021-05-21T02:40:12.817-0300 I CONTROL  [initandlisten] 
2021-05-21 02:40:12.817  INFO 20456 --- [      Thread-10] o.s.b.a.mongo.embedded.EmbeddedMongo     : 2021-05-21T02:40:12.817-0300 I CONTROL  [initandlisten] ** NOTE: This is a development version (3.5.5) of MongoDB.
2021-05-21 02:40:12.817  INFO 20456 --- [      Thread-10] o.s.b.a.mongo.embedded.EmbeddedMongo     : 2021-05-21T02:40:12.817-0300 I CONTROL  [initandlisten] **       Not recommended for production.
2021-05-21 02:40:12.817  INFO 20456 --- [      Thread-10] o.s.b.a.mongo.embedded.EmbeddedMongo     : 2021-05-21T02:40:12.817-0300 I CONTROL  [initandlisten] 
2021-05-21 02:40:13.106  INFO 20456 --- [      Thread-10] o.s.b.a.mongo.embedded.EmbeddedMongo     : 2021-05-21T02:40:13.106-0300 I FTDC     [initandlisten] Initializing full-time diagnostic data capture with directory 'C:/Users/DEVELO~1/AppData/Local/Temp/embedmongo-db-4d6905a1-8225-4dcc-99a7-c6e68a7d04ef/diagnostic.data'
2021-05-21 02:40:13.128  INFO 20456 --- [      Thread-10] o.s.b.a.mongo.embedded.EmbeddedMongo     : 2021-05-21T02:40:13.129-0300 I INDEX    [initandlisten] build index on: admin.system.version properties: { v: 2, key: { version: 1 }, name: "incompatible_with_version_32", ns: "admin.system.version" }
2021-05-21 02:40:13.129  INFO 20456 --- [      Thread-10] o.s.b.a.mongo.embedded.EmbeddedMongo     : 2021-05-21T02:40:13.129-0300 I INDEX    [initandlisten] 	 building index using bulk method; build may temporarily use up to 500 megabytes of RAM
2021-05-21 02:40:13.132  INFO 20456 --- [      Thread-10] o.s.b.a.mongo.embedded.EmbeddedMongo     : 2021-05-21T02:40:13.132-0300 I INDEX    [initandlisten] build index done.  scanned 0 total records. 0 secs
2021-05-21 02:40:13.133  INFO 20456 --- [      Thread-10] o.s.b.a.mongo.embedded.EmbeddedMongo     : 2021-05-21T02:40:13.133-0300 I COMMAND  [initandlisten] setting featureCompatibilityVersion to 3.4
2021-05-21 02:40:13.134  INFO 20456 --- [      Thread-10] o.s.b.a.mongo.embedded.EmbeddedMongo     : 2021-05-21T02:40:13.134-0300 I NETWORK  [thread1] waiting for connections on port 49759
2021-05-21 02:40:13.134  INFO 20456 --- [    Test worker] d.f.embed.mongo.MongodExecutable         : start de.flapdoodle.embed.mongo.config.MongodConfigBuilder$ImmutableMongodConfig@2cd919dd
2021-05-21 02:40:13.141  INFO 20456 --- [    Test worker] org.mongodb.driver.cluster               : Cluster created with settings {hosts=[localhost:49759], mode=SINGLE, requiredClusterType=UNKNOWN, serverSelectionTimeout='30000 ms'}
2021-05-21 02:40:13.143  INFO 20456 --- [      Thread-10] o.s.b.a.mongo.embedded.EmbeddedMongo     : 2021-05-21T02:40:13.144-0300 I NETWORK  [thread1] connection accepted from 127.0.0.1:49769 #1 (1 connection now open)
2021-05-21 02:40:13.144  INFO 20456 --- [      Thread-10] o.s.b.a.mongo.embedded.EmbeddedMongo     : 2021-05-21T02:40:13.144-0300 I NETWORK  [thread1] connection accepted from 127.0.0.1:49770 #2 (2 connections now open)
2021-05-21 02:40:13.145  INFO 20456 --- [      Thread-10] o.s.b.a.mongo.embedded.EmbeddedMongo     : 2021-05-21T02:40:13.146-0300 I NETWORK  [conn1] received client metadata from 127.0.0.1:49769 conn1: { driver: { name: "mongo-java-driver|sync|spring-boot", version: "4.1.2" }, os: { type: "Windows", name: "Windows 10", architecture: "amd64", version: "10.0" }, platform: "Java/Oracle Corporation/11.0.10+8-LTS-162" }
2021-05-21 02:40:13.145  INFO 20456 --- [      Thread-10] o.s.b.a.mongo.embedded.EmbeddedMongo     : 2021-05-21T02:40:13.146-0300 I NETWORK  [conn2] received client metadata from 127.0.0.1:49770 conn2: { driver: { name: "mongo-java-driver|sync|spring-boot", version: "4.1.2" }, os: { type: "Windows", name: "Windows 10", architecture: "amd64", version: "10.0" }, platform: "Java/Oracle Corporation/11.0.10+8-LTS-162" }
2021-05-21 02:40:13.147  INFO 20456 --- [localhost:49759] org.mongodb.driver.connection            : Opened connection [connectionId{localValue:3, serverValue:1}] to localhost:49759
2021-05-21 02:40:13.147  INFO 20456 --- [localhost:49759] org.mongodb.driver.connection            : Opened connection [connectionId{localValue:4, serverValue:2}] to localhost:49759
2021-05-21 02:40:13.147  INFO 20456 --- [localhost:49759] org.mongodb.driver.cluster               : Monitor thread successfully connected to server with description ServerDescription{address=localhost:49759, type=STANDALONE, state=CONNECTED, ok=true, minWireVersion=0, maxWireVersion=5, maxDocumentSize=16777216, logicalSessionTimeoutMinutes=null, roundTripTimeNanos=3364300}
2021-05-21 02:40:13.292  INFO 20456 --- [    Test worker] o.s.b.t.m.w.SpringBootMockServletContext : Initializing Spring TestDispatcherServlet ''
2021-05-21 02:40:13.293  INFO 20456 --- [    Test worker] o.s.t.web.servlet.TestDispatcherServlet  : Initializing Servlet ''
2021-05-21 02:40:13.295  INFO 20456 --- [    Test worker] o.s.t.web.servlet.TestDispatcherServlet  : Completed initialization in 2 ms
2021-05-21 02:40:13.311  INFO 20456 --- [    Test worker] d.s.w.p.DocumentationPluginsBootstrapper : Context refreshed
2021-05-21 02:40:13.312  INFO 20456 --- [    Test worker] d.s.w.p.DocumentationPluginsBootstrapper : Found 1 custom documentation plugin(s)
2021-05-21 02:40:13.321  INFO 20456 --- [    Test worker] s.d.s.w.s.ApiListingReferenceScanner     : Scanning for api listing references
2021-05-21 02:40:13.438  INFO 20456 --- [    Test worker] c.a.s.controllers.PlanetControllerTest   : Started PlanetControllerTest in 2.832 seconds (JVM running for 14.645)
]]></system-out>
  <system-err><![CDATA[]]></system-err>
</testsuite>
