<?xml version="1.0" encoding="UTF-8"?>
<testsuite name="com.api.starwars.consumers.StarWarsApiConsumerTest" tests="2" skipped="0" failures="0" errors="0" timestamp="2021-05-21T05:40:08" hostname="DESKTOP-HHM0S89" time="2.474">
  <properties/>
  <testcase name="should_return_a_not_empty_json_when_find_by_right_name()" classname="com.api.starwars.consumers.StarWarsApiConsumerTest" time="2.215"/>
  <testcase name="should_return_an_empty_json_when_find_by_wrong_name()" classname="com.api.starwars.consumers.StarWarsApiConsumerTest" time="0.258"/>
  <system-out><![CDATA[02:40:00.645 [Test worker] DEBUG org.springframework.test.context.BootstrapUtils - Instantiating CacheAwareContextLoaderDelegate from class [org.springframework.test.context.cache.DefaultCacheAwareContextLoaderDelegate]
02:40:00.678 [Test worker] DEBUG org.springframework.test.context.BootstrapUtils - Instantiating BootstrapContext using constructor [public org.springframework.test.context.support.DefaultBootstrapContext(java.lang.Class,org.springframework.test.context.CacheAwareContextLoaderDelegate)]
02:40:00.745 [Test worker] DEBUG org.springframework.test.context.BootstrapUtils - Instantiating TestContextBootstrapper for test class [com.api.starwars.consumers.StarWarsApiConsumerTest] from class [org.springframework.boot.test.context.SpringBootTestContextBootstrapper]
02:40:00.768 [Test worker] INFO org.springframework.boot.test.context.SpringBootTestContextBootstrapper - Neither @ContextConfiguration nor @ContextHierarchy found for test class [com.api.starwars.consumers.StarWarsApiConsumerTest], using SpringBootContextLoader
02:40:00.777 [Test worker] DEBUG org.springframework.test.context.support.AbstractContextLoader - Did not detect default resource location for test class [com.api.starwars.consumers.StarWarsApiConsumerTest]: class path resource [com/api/starwars/consumers/StarWarsApiConsumerTest-context.xml] does not exist
02:40:00.778 [Test worker] DEBUG org.springframework.test.context.support.AbstractContextLoader - Did not detect default resource location for test class [com.api.starwars.consumers.StarWarsApiConsumerTest]: class path resource [com/api/starwars/consumers/StarWarsApiConsumerTestContext.groovy] does not exist
02:40:00.778 [Test worker] INFO org.springframework.test.context.support.AbstractContextLoader - Could not detect default resource locations for test class [com.api.starwars.consumers.StarWarsApiConsumerTest]: no resource found for suffixes {-context.xml, Context.groovy}.
02:40:00.779 [Test worker] INFO org.springframework.test.context.support.AnnotationConfigContextLoaderUtils - Could not detect default configuration classes for test class [com.api.starwars.consumers.StarWarsApiConsumerTest]: StarWarsApiConsumerTest does not declare any static, non-private, non-final, nested classes annotated with @Configuration.
02:40:00.849 [Test worker] DEBUG org.springframework.test.context.support.ActiveProfilesUtils - Could not find an 'annotation declaring class' for annotation type [org.springframework.test.context.ActiveProfiles] and class [com.api.starwars.consumers.StarWarsApiConsumerTest]
02:40:00.963 [Test worker] DEBUG org.springframework.context.annotation.ClassPathScanningCandidateComponentProvider - Identified candidate component class: file [C:\Users\Development Student\Documents\starwars\build\classes\java\main\com\api\starwars\StarwarsApplication.class]
02:40:00.964 [Test worker] INFO org.springframework.boot.test.context.SpringBootTestContextBootstrapper - Found @SpringBootConfiguration com.api.starwars.StarwarsApplication for test class com.api.starwars.consumers.StarWarsApiConsumerTest
02:40:01.155 [Test worker] DEBUG org.springframework.boot.test.context.SpringBootTestContextBootstrapper - @TestExecutionListeners is not present for class [com.api.starwars.consumers.StarWarsApiConsumerTest]: using defaults.
02:40:01.155 [Test worker] INFO org.springframework.boot.test.context.SpringBootTestContextBootstrapper - Loaded default TestExecutionListener class names from location [META-INF/spring.factories]: [org.springframework.boot.test.autoconfigure.restdocs.RestDocsTestExecutionListener, org.springframework.boot.test.autoconfigure.web.client.MockRestServiceServerResetTestExecutionListener, org.springframework.boot.test.autoconfigure.web.servlet.MockMvcPrintOnlyOnFailureTestExecutionListener, org.springframework.boot.test.autoconfigure.web.servlet.WebDriverTestExecutionListener, org.springframework.boot.test.autoconfigure.webservices.client.MockWebServiceServerTestExecutionListener, org.springframework.boot.test.mock.mockito.MockitoTestExecutionListener, org.springframework.boot.test.mock.mockito.ResetMocksTestExecutionListener, org.springframework.test.context.web.ServletTestExecutionListener, org.springframework.test.context.support.DirtiesContextBeforeModesTestExecutionListener, org.springframework.test.context.event.ApplicationEventsTestExecutionListener, org.springframework.test.context.support.DependencyInjectionTestExecutionListener, org.springframework.test.context.support.DirtiesContextTestExecutionListener, org.springframework.test.context.transaction.TransactionalTestExecutionListener, org.springframework.test.context.jdbc.SqlScriptsTestExecutionListener, org.springframework.test.context.event.EventPublishingTestExecutionListener]
02:40:01.191 [Test worker] INFO org.springframework.boot.test.context.SpringBootTestContextBootstrapper - Using TestExecutionListeners: [org.springframework.test.context.web.ServletTestExecutionListener@5ca15d27, org.springframework.test.context.support.DirtiesContextBeforeModesTestExecutionListener@543856e6, org.springframework.test.context.event.ApplicationEventsTestExecutionListener@6b98d17a, org.springframework.boot.test.mock.mockito.MockitoTestExecutionListener@53652f9f, org.springframework.boot.test.autoconfigure.SpringBootDependencyInjectionTestExecutionListener@5fb08b1, org.springframework.test.context.support.DirtiesContextTestExecutionListener@1362f18e, org.springframework.test.context.transaction.TransactionalTestExecutionListener@3edcf199, org.springframework.test.context.jdbc.SqlScriptsTestExecutionListener@44bf380a, org.springframework.test.context.event.EventPublishingTestExecutionListener@195c0eac, org.springframework.boot.test.autoconfigure.restdocs.RestDocsTestExecutionListener@1d366288, org.springframework.boot.test.autoconfigure.web.client.MockRestServiceServerResetTestExecutionListener@44bf188e, org.springframework.boot.test.autoconfigure.web.servlet.MockMvcPrintOnlyOnFailureTestExecutionListener@797d077b, org.springframework.boot.test.autoconfigure.web.servlet.WebDriverTestExecutionListener@ad5f96, org.springframework.boot.test.autoconfigure.webservices.client.MockWebServiceServerTestExecutionListener@2ea15f29, org.springframework.boot.test.mock.mockito.ResetMocksTestExecutionListener@1266491b]
02:40:01.197 [Test worker] DEBUG org.springframework.test.context.support.AbstractDirtiesContextTestExecutionListener - Before test class: context [DefaultTestContext@50ac095e testClass = StarWarsApiConsumerTest, testInstance = [null], testMethod = [null], testException = [null], mergedContextConfiguration = [WebMergedContextConfiguration@6e006606 testClass = StarWarsApiConsumerTest, locations = '{}', classes = '{class com.api.starwars.StarwarsApplication}', contextInitializerClasses = '[]', activeProfiles = '{}', propertySourceLocations = '{}', propertySourceProperties = '{org.springframework.boot.test.context.SpringBootTestContextBootstrapper=true}', contextCustomizers = set[org.springframework.boot.test.autoconfigure.actuate.metrics.MetricsExportContextCustomizerFactory$DisableMetricExportContextCustomizer@38a409d7, org.springframework.boot.test.autoconfigure.properties.PropertyMappingContextCustomizer@0, org.springframework.boot.test.autoconfigure.web.servlet.WebDriverContextCustomizerFactory$Customizer@2fdb48e9, org.springframework.boot.test.context.filter.ExcludeFilterContextCustomizer@7625302d, org.springframework.boot.test.json.DuplicateJsonObjectContextCustomizerFactory$DuplicateJsonObjectContextCustomizer@fbac1be, org.springframework.boot.test.mock.mockito.MockitoContextCustomizer@0, org.springframework.boot.test.web.client.TestRestTemplateContextCustomizer@703edbd, org.springframework.boot.test.context.SpringBootTestArgs@1, org.springframework.boot.test.context.SpringBootTestWebEnvironment@126552be], resourceBasePath = 'src/main/webapp', contextLoader = 'org.springframework.boot.test.context.SpringBootContextLoader', parent = [null]], attributes = map['org.springframework.test.context.web.ServletTestExecutionListener.activateListener' -> true]], class annotated with @DirtiesContext [false] with mode [null].
02:40:01.262 [Test worker] DEBUG org.springframework.test.context.support.TestPropertySourceUtils - Adding inlined properties to environment: {spring.jmx.enabled=false, org.springframework.boot.test.context.SpringBootTestContextBootstrapper=true}

  .   ____          _            __ _ _
 /\\ / ___'_ __ _ _(_)_ __  __ _ \ \ \ \
( ( )\___ | '_ | '_| | '_ \/ _` | \ \ \ \
 \\/  ___)| |_)| | | | | || (_| |  ) ) ) )
  '  |____| .__|_| |_|_| |_\__, | / / / /
 =========|_|==============|___/=/_/_/_/
 :: Spring Boot ::                (v2.4.5)

2021-05-21 02:40:01.812  INFO 20456 --- [    Test worker] c.a.s.consumers.StarWarsApiConsumerTest  : Starting StarWarsApiConsumerTest using Java 11.0.10 on DESKTOP-HHM0S89 with PID 20456 (started by Development Student in C:\Users\Development Student\Documents\starwars)
2021-05-21 02:40:01.813  INFO 20456 --- [    Test worker] c.a.s.consumers.StarWarsApiConsumerTest  : The following profiles are active: dev
2021-05-21 02:40:03.465  INFO 20456 --- [    Test worker] .s.d.r.c.RepositoryConfigurationDelegate : Bootstrapping Spring Data MongoDB repositories in DEFAULT mode.
2021-05-21 02:40:03.552  INFO 20456 --- [    Test worker] .s.d.r.c.RepositoryConfigurationDelegate : Finished Spring Data repository scanning in 79 ms. Found 1 MongoDB repository interfaces.
2021-05-21 02:40:04.658  INFO 20456 --- [       Thread-6] o.s.b.a.mongo.embedded.EmbeddedMongo     : note: noprealloc may hurt performance in many applications
2021-05-21 02:40:04.725  INFO 20456 --- [       Thread-6] o.s.b.a.mongo.embedded.EmbeddedMongo     : 2021-05-21T02:40:04.726-0300 I CONTROL  [initandlisten] MongoDB starting : pid=10308 port=49737 dbpath=C:\Users\DEVELO~1\AppData\Local\Temp\embedmongo-db-d2e69dbc-5e5a-42c8-87af-06707462c1c2 64-bit host=DESKTOP-HHM0S89
2021-05-21 02:40:04.726  INFO 20456 --- [       Thread-6] o.s.b.a.mongo.embedded.EmbeddedMongo     : 2021-05-21T02:40:04.726-0300 I CONTROL  [initandlisten] targetMinOS: Windows Vista/Windows Server 2008
2021-05-21 02:40:04.726  INFO 20456 --- [       Thread-6] o.s.b.a.mongo.embedded.EmbeddedMongo     : 2021-05-21T02:40:04.726-0300 I CONTROL  [initandlisten] db version v3.5.5
2021-05-21 02:40:04.726  INFO 20456 --- [       Thread-6] o.s.b.a.mongo.embedded.EmbeddedMongo     : 2021-05-21T02:40:04.726-0300 I CONTROL  [initandlisten] git version: 98515c812b6fa893613f063dae568ff8319cbfbd
2021-05-21 02:40:04.727  INFO 20456 --- [       Thread-6] o.s.b.a.mongo.embedded.EmbeddedMongo     : 2021-05-21T02:40:04.726-0300 I CONTROL  [initandlisten] allocator: tcmalloc
2021-05-21 02:40:04.727  INFO 20456 --- [       Thread-6] o.s.b.a.mongo.embedded.EmbeddedMongo     : 2021-05-21T02:40:04.726-0300 I CONTROL  [initandlisten] modules: none
2021-05-21 02:40:04.727  INFO 20456 --- [       Thread-6] o.s.b.a.mongo.embedded.EmbeddedMongo     : 2021-05-21T02:40:04.726-0300 I CONTROL  [initandlisten] build environment:
2021-05-21 02:40:04.728  INFO 20456 --- [       Thread-6] o.s.b.a.mongo.embedded.EmbeddedMongo     : 2021-05-21T02:40:04.726-0300 I CONTROL  [initandlisten]     distarch: x86_64
2021-05-21 02:40:04.728  INFO 20456 --- [       Thread-6] o.s.b.a.mongo.embedded.EmbeddedMongo     : 2021-05-21T02:40:04.726-0300 I CONTROL  [initandlisten]     target_arch: x86_64
2021-05-21 02:40:04.728  INFO 20456 --- [       Thread-6] o.s.b.a.mongo.embedded.EmbeddedMongo     : 2021-05-21T02:40:04.726-0300 I CONTROL  [initandlisten] options: { net: { bindIp: "127.0.0.1", http: { enabled: false }, port: 49737 }, security: { authorization: "disabled" }, storage: { dbPath: "C:\Users\DEVELO~1\AppData\Local\Temp\embedmongo-db-d2e69dbc-5e5a-42c8-87af-06707462c1c2", journal: { enabled: false }, mmapv1: { preallocDataFiles: false, smallFiles: true }, syncPeriodSecs: 0.0 } }
2021-05-21 02:40:04.728  INFO 20456 --- [       Thread-6] o.s.b.a.mongo.embedded.EmbeddedMongo     : 2021-05-21T02:40:04.727-0300 I STORAGE  [initandlisten] wiredtiger_open config: create,cache_size=9642M,session_max=20000,eviction=(threads_min=4,threads_max=4),config_base=false,statistics=(fast),log=(enabled=true,archive=true,path=journal,compressor=snappy),file_manager=(close_idle_time=100000),checkpoint=(wait=0,log_size=2GB),statistics_log=(wait=0),verbose=(recovery_progress),,log=(enabled=false),
2021-05-21 02:40:04.781  INFO 20456 --- [       Thread-6] o.s.b.a.mongo.embedded.EmbeddedMongo     : 2021-05-21T02:40:04.782-0300 W STORAGE  [initandlisten] Detected configuration for non-active storage engine mmapv1 when current storage engine is wiredTiger
2021-05-21 02:40:04.782  INFO 20456 --- [       Thread-6] o.s.b.a.mongo.embedded.EmbeddedMongo     : 2021-05-21T02:40:04.782-0300 I CONTROL  [initandlisten] 
2021-05-21 02:40:04.782  INFO 20456 --- [       Thread-6] o.s.b.a.mongo.embedded.EmbeddedMongo     : 2021-05-21T02:40:04.782-0300 I CONTROL  [initandlisten] ** NOTE: This is a development version (3.5.5) of MongoDB.
2021-05-21 02:40:04.782  INFO 20456 --- [       Thread-6] o.s.b.a.mongo.embedded.EmbeddedMongo     : 2021-05-21T02:40:04.782-0300 I CONTROL  [initandlisten] **       Not recommended for production.
2021-05-21 02:40:04.782  INFO 20456 --- [       Thread-6] o.s.b.a.mongo.embedded.EmbeddedMongo     : 2021-05-21T02:40:04.782-0300 I CONTROL  [initandlisten] 
2021-05-21 02:40:05.062  INFO 20456 --- [       Thread-6] o.s.b.a.mongo.embedded.EmbeddedMongo     : 2021-05-21T02:40:05.063-0300 I FTDC     [initandlisten] Initializing full-time diagnostic data capture with directory 'C:/Users/DEVELO~1/AppData/Local/Temp/embedmongo-db-d2e69dbc-5e5a-42c8-87af-06707462c1c2/diagnostic.data'
2021-05-21 02:40:05.107  INFO 20456 --- [       Thread-6] o.s.b.a.mongo.embedded.EmbeddedMongo     : 2021-05-21T02:40:05.107-0300 I INDEX    [initandlisten] build index on: admin.system.version properties: { v: 2, key: { version: 1 }, name: "incompatible_with_version_32", ns: "admin.system.version" }
2021-05-21 02:40:05.107  INFO 20456 --- [       Thread-6] o.s.b.a.mongo.embedded.EmbeddedMongo     : 2021-05-21T02:40:05.107-0300 I INDEX    [initandlisten] 	 building index using bulk method; build may temporarily use up to 500 megabytes of RAM
2021-05-21 02:40:05.109  INFO 20456 --- [       Thread-6] o.s.b.a.mongo.embedded.EmbeddedMongo     : 2021-05-21T02:40:05.109-0300 I INDEX    [initandlisten] build index done.  scanned 0 total records. 0 secs
2021-05-21 02:40:05.111  INFO 20456 --- [       Thread-6] o.s.b.a.mongo.embedded.EmbeddedMongo     : 2021-05-21T02:40:05.111-0300 I COMMAND  [initandlisten] setting featureCompatibilityVersion to 3.4
2021-05-21 02:40:05.111  INFO 20456 --- [       Thread-6] o.s.b.a.mongo.embedded.EmbeddedMongo     : 2021-05-21T02:40:05.111-0300 I NETWORK  [thread1] waiting for connections on port 49737
2021-05-21 02:40:05.112  INFO 20456 --- [    Test worker] d.f.embed.mongo.MongodExecutable         : start de.flapdoodle.embed.mongo.config.MongodConfigBuilder$ImmutableMongodConfig@381193f2
2021-05-21 02:40:05.233  INFO 20456 --- [    Test worker] org.mongodb.driver.cluster               : Cluster created with settings {hosts=[localhost:49737], mode=SINGLE, requiredClusterType=UNKNOWN, serverSelectionTimeout='30000 ms'}
2021-05-21 02:40:05.284  INFO 20456 --- [       Thread-6] o.s.b.a.mongo.embedded.EmbeddedMongo     : 2021-05-21T02:40:05.284-0300 I NETWORK  [thread1] connection accepted from 127.0.0.1:49741 #1 (1 connection now open)
2021-05-21 02:40:05.284  INFO 20456 --- [       Thread-6] o.s.b.a.mongo.embedded.EmbeddedMongo     : 2021-05-21T02:40:05.284-0300 I NETWORK  [thread1] connection accepted from 127.0.0.1:49742 #2 (2 connections now open)
2021-05-21 02:40:05.300  INFO 20456 --- [       Thread-6] o.s.b.a.mongo.embedded.EmbeddedMongo     : 2021-05-21T02:40:05.299-0300 I NETWORK  [conn1] received client metadata from 127.0.0.1:49741 conn1: { driver: { name: "mongo-java-driver|sync|spring-boot", version: "4.1.2" }, os: { type: "Windows", name: "Windows 10", architecture: "amd64", version: "10.0" }, platform: "Java/Oracle Corporation/11.0.10+8-LTS-162" }
2021-05-21 02:40:05.300  INFO 20456 --- [       Thread-6] o.s.b.a.mongo.embedded.EmbeddedMongo     : 2021-05-21T02:40:05.299-0300 I NETWORK  [conn2] received client metadata from 127.0.0.1:49742 conn2: { driver: { name: "mongo-java-driver|sync|spring-boot", version: "4.1.2" }, os: { type: "Windows", name: "Windows 10", architecture: "amd64", version: "10.0" }, platform: "Java/Oracle Corporation/11.0.10+8-LTS-162" }
2021-05-21 02:40:05.321  INFO 20456 --- [localhost:49737] org.mongodb.driver.connection            : Opened connection [connectionId{localValue:1, serverValue:2}] to localhost:49737
2021-05-21 02:40:05.321  INFO 20456 --- [localhost:49737] org.mongodb.driver.connection            : Opened connection [connectionId{localValue:2, serverValue:1}] to localhost:49737
2021-05-21 02:40:05.322  INFO 20456 --- [localhost:49737] org.mongodb.driver.cluster               : Monitor thread successfully connected to server with description ServerDescription{address=localhost:49737, type=STANDALONE, state=CONNECTED, ok=true, minWireVersion=0, maxWireVersion=5, maxDocumentSize=16777216, logicalSessionTimeoutMinutes=null, roundTripTimeNanos=33248600}
2021-05-21 02:40:06.646  INFO 20456 --- [    Test worker] pertySourcedRequestMappingHandlerMapping : Mapped URL path [/v2/api-docs] onto method [springfox.documentation.swagger2.web.Swagger2Controller#getDocumentation(String, HttpServletRequest)]
2021-05-21 02:40:07.146  INFO 20456 --- [    Test worker] o.s.s.concurrent.ThreadPoolTaskExecutor  : Initializing ExecutorService 'applicationTaskExecutor'
2021-05-21 02:40:07.625  INFO 20456 --- [    Test worker] d.s.w.p.DocumentationPluginsBootstrapper : Context refreshed
2021-05-21 02:40:07.677  INFO 20456 --- [    Test worker] d.s.w.p.DocumentationPluginsBootstrapper : Found 1 custom documentation plugin(s)
2021-05-21 02:40:07.733  INFO 20456 --- [    Test worker] s.d.s.w.s.ApiListingReferenceScanner     : Scanning for api listing references
2021-05-21 02:40:08.063  INFO 20456 --- [    Test worker] c.a.s.consumers.StarWarsApiConsumerTest  : Started StarWarsApiConsumerTest in 6.787 seconds (JVM running for 9.27)
]]></system-out>
  <system-err><![CDATA[]]></system-err>
</testsuite>
