<?xml version="1.0" encoding="UTF-8"?>
<testsuite name="com.api.starwars.services.PlanetServiceTest" tests="15" skipped="0" failures="0" errors="0" timestamp="2021-05-21T05:40:16" hostname="DESKTOP-HHM0S89" time="0.135">
  <properties/>
  <testcase name="should_return_true_when_exists_by_right_name()" classname="com.api.starwars.services.PlanetServiceTest" time="0.007"/>
  <testcase name="should_return_planet_dto_when_find_by_right_name()" classname="com.api.starwars.services.PlanetServiceTest" time="0.007"/>
  <testcase name="should_delete_when_call_right_id()" classname="com.api.starwars.services.PlanetServiceTest" time="0.018"/>
  <testcase name="should_return_true_when_exists_by_wrong_id()" classname="com.api.starwars.services.PlanetServiceTest" time="0.008"/>
  <testcase name="should_return_movies_appearances_quantity_when_find_by_right_name()" classname="com.api.starwars.services.PlanetServiceTest" time="0.006"/>
  <testcase name="should_return_planet_dto_when_find_by_wrong_id()" classname="com.api.starwars.services.PlanetServiceTest" time="0.008"/>
  <testcase name="should_return_all_paginated_filled_when_find()" classname="com.api.starwars.services.PlanetServiceTest" time="0.006"/>
  <testcase name="should_return_true_when_exists_by_right_id()" classname="com.api.starwars.services.PlanetServiceTest" time="0.007"/>
  <testcase name="should_return_planet_dto_when_find_by_right_id()" classname="com.api.starwars.services.PlanetServiceTest" time="0.007"/>
  <testcase name="should_return_true_when_exists_by_wrong_name()" classname="com.api.starwars.services.PlanetServiceTest" time="0.006"/>
  <testcase name="should_return_planet_dto_when_find_by_wrong_name()" classname="com.api.starwars.services.PlanetServiceTest" time="0.008"/>
  <testcase name="should_return_0_movies_appearances_quantity_when_find_by_wrong_name()" classname="com.api.starwars.services.PlanetServiceTest" time="0.006"/>
  <testcase name="should_return_all_paginated_empty_when_find()" classname="com.api.starwars.services.PlanetServiceTest" time="0.005"/>
  <testcase name="should_return_all_empty_when_find()" classname="com.api.starwars.services.PlanetServiceTest" time="0.006"/>
  <testcase name="should_return_all_filled_when_find()" classname="com.api.starwars.services.PlanetServiceTest" time="0.005"/>
  <system-out><![CDATA[2021-05-21 02:40:13.911  INFO 20456 --- [    Test worker] .b.t.c.SpringBootTestContextBootstrapper : Neither @ContextConfiguration nor @ContextHierarchy found for test class [com.api.starwars.services.PlanetServiceTest], using SpringBootContextLoader
2021-05-21 02:40:13.913  INFO 20456 --- [    Test worker] o.s.t.c.support.AbstractContextLoader    : Could not detect default resource locations for test class [com.api.starwars.services.PlanetServiceTest]: no resource found for suffixes {-context.xml, Context.groovy}.
2021-05-21 02:40:13.913  INFO 20456 --- [    Test worker] t.c.s.AnnotationConfigContextLoaderUtils : Could not detect default configuration classes for test class [com.api.starwars.services.PlanetServiceTest]: PlanetServiceTest does not declare any static, non-private, non-final, nested classes annotated with @Configuration.
2021-05-21 02:40:13.922  INFO 20456 --- [    Test worker] .b.t.c.SpringBootTestContextBootstrapper : Found @SpringBootConfiguration com.api.starwars.StarwarsApplication for test class com.api.starwars.services.PlanetServiceTest
2021-05-21 02:40:13.924  INFO 20456 --- [    Test worker] .b.t.c.SpringBootTestContextBootstrapper : Loaded default TestExecutionListener class names from location [META-INF/spring.factories]: [org.springframework.boot.test.autoconfigure.restdocs.RestDocsTestExecutionListener, org.springframework.boot.test.autoconfigure.web.client.MockRestServiceServerResetTestExecutionListener, org.springframework.boot.test.autoconfigure.web.servlet.MockMvcPrintOnlyOnFailureTestExecutionListener, org.springframework.boot.test.autoconfigure.web.servlet.WebDriverTestExecutionListener, org.springframework.boot.test.autoconfigure.webservices.client.MockWebServiceServerTestExecutionListener, org.springframework.boot.test.mock.mockito.MockitoTestExecutionListener, org.springframework.boot.test.mock.mockito.ResetMocksTestExecutionListener, org.springframework.test.context.web.ServletTestExecutionListener, org.springframework.test.context.support.DirtiesContextBeforeModesTestExecutionListener, org.springframework.test.context.event.ApplicationEventsTestExecutionListener, org.springframework.test.context.support.DependencyInjectionTestExecutionListener, org.springframework.test.context.support.DirtiesContextTestExecutionListener, org.springframework.test.context.transaction.TransactionalTestExecutionListener, org.springframework.test.context.jdbc.SqlScriptsTestExecutionListener, org.springframework.test.context.event.EventPublishingTestExecutionListener]
2021-05-21 02:40:13.925  INFO 20456 --- [    Test worker] .b.t.c.SpringBootTestContextBootstrapper : Using TestExecutionListeners: [org.springframework.test.context.web.ServletTestExecutionListener@4c41e710, org.springframework.test.context.support.DirtiesContextBeforeModesTestExecutionListener@4fe0ee83, org.springframework.test.context.event.ApplicationEventsTestExecutionListener@198e202e, org.springframework.boot.test.mock.mockito.MockitoTestExecutionListener@fd2f163, org.springframework.boot.test.autoconfigure.SpringBootDependencyInjectionTestExecutionListener@4ce8eeee, org.springframework.test.context.support.DirtiesContextTestExecutionListener@4348506, org.springframework.test.context.transaction.TransactionalTestExecutionListener@6cd35afe, org.springframework.test.context.jdbc.SqlScriptsTestExecutionListener@7412e7ee, org.springframework.test.context.event.EventPublishingTestExecutionListener@7f86f81c, org.springframework.boot.test.autoconfigure.restdocs.RestDocsTestExecutionListener@5f3a4e5f, org.springframework.boot.test.autoconfigure.web.client.MockRestServiceServerResetTestExecutionListener@29c8ebec, org.springframework.boot.test.autoconfigure.web.servlet.MockMvcPrintOnlyOnFailureTestExecutionListener@4a8644ac, org.springframework.boot.test.autoconfigure.web.servlet.WebDriverTestExecutionListener@20803f8, org.springframework.boot.test.autoconfigure.webservices.client.MockWebServiceServerTestExecutionListener@fcdfd50, org.springframework.boot.test.mock.mockito.ResetMocksTestExecutionListener@61b4f0ce]

  .   ____          _            __ _ _
 /\\ / ___'_ __ _ _(_)_ __  __ _ \ \ \ \
( ( )\___ | '_ | '_| | '_ \/ _` | \ \ \ \
 \\/  ___)| |_)| | | | | || (_| |  ) ) ) )
  '  |____| .__|_| |_|_| |_\__, | / / / /
 =========|_|==============|___/=/_/_/_/
 :: Spring Boot ::                (v2.4.5)

2021-05-21 02:40:13.962  INFO 20456 --- [    Test worker] c.a.starwars.services.PlanetServiceTest  : Starting PlanetServiceTest using Java 11.0.10 on DESKTOP-HHM0S89 with PID 20456 (started by Development Student in C:\Users\Development Student\Documents\starwars)
2021-05-21 02:40:13.963  INFO 20456 --- [    Test worker] c.a.starwars.services.PlanetServiceTest  : The following profiles are active: dev
2021-05-21 02:40:14.376  INFO 20456 --- [    Test worker] .s.d.r.c.RepositoryConfigurationDelegate : Bootstrapping Spring Data MongoDB repositories in DEFAULT mode.
2021-05-21 02:40:14.395  INFO 20456 --- [    Test worker] .s.d.r.c.RepositoryConfigurationDelegate : Finished Spring Data repository scanning in 18 ms. Found 1 MongoDB repository interfaces.
2021-05-21 02:40:14.985  INFO 20456 --- [    Test worker] pertySourcedRequestMappingHandlerMapping : Mapped URL path [/v2/api-docs] onto method [springfox.documentation.swagger2.web.Swagger2Controller#getDocumentation(String, HttpServletRequest)]
2021-05-21 02:40:15.157  INFO 20456 --- [    Test worker] o.s.s.concurrent.ThreadPoolTaskExecutor  : Initializing ExecutorService 'applicationTaskExecutor'
2021-05-21 02:40:15.702  INFO 20456 --- [      Thread-13] o.s.b.a.mongo.embedded.EmbeddedMongo     : note: noprealloc may hurt performance in many applications
2021-05-21 02:40:15.782  INFO 20456 --- [      Thread-13] o.s.b.a.mongo.embedded.EmbeddedMongo     : 2021-05-21T02:40:15.782-0300 I CONTROL  [initandlisten] MongoDB starting : pid=6176 port=49790 dbpath=C:\Users\DEVELO~1\AppData\Local\Temp\embedmongo-db-bbf597b7-50c6-4d3b-bc40-f44d81ada972 64-bit host=DESKTOP-HHM0S89
2021-05-21 02:40:15.782  INFO 20456 --- [      Thread-13] o.s.b.a.mongo.embedded.EmbeddedMongo     : 2021-05-21T02:40:15.783-0300 I CONTROL  [initandlisten] targetMinOS: Windows Vista/Windows Server 2008
2021-05-21 02:40:15.782  INFO 20456 --- [      Thread-13] o.s.b.a.mongo.embedded.EmbeddedMongo     : 2021-05-21T02:40:15.783-0300 I CONTROL  [initandlisten] db version v3.5.5
2021-05-21 02:40:15.783  INFO 20456 --- [      Thread-13] o.s.b.a.mongo.embedded.EmbeddedMongo     : 2021-05-21T02:40:15.783-0300 I CONTROL  [initandlisten] git version: 98515c812b6fa893613f063dae568ff8319cbfbd
2021-05-21 02:40:15.783  INFO 20456 --- [      Thread-13] o.s.b.a.mongo.embedded.EmbeddedMongo     : 2021-05-21T02:40:15.783-0300 I CONTROL  [initandlisten] allocator: tcmalloc
2021-05-21 02:40:15.783  INFO 20456 --- [      Thread-13] o.s.b.a.mongo.embedded.EmbeddedMongo     : 2021-05-21T02:40:15.783-0300 I CONTROL  [initandlisten] modules: none
2021-05-21 02:40:15.783  INFO 20456 --- [      Thread-13] o.s.b.a.mongo.embedded.EmbeddedMongo     : 2021-05-21T02:40:15.783-0300 I CONTROL  [initandlisten] build environment:
2021-05-21 02:40:15.783  INFO 20456 --- [      Thread-13] o.s.b.a.mongo.embedded.EmbeddedMongo     : 2021-05-21T02:40:15.783-0300 I CONTROL  [initandlisten]     distarch: x86_64
2021-05-21 02:40:15.783  INFO 20456 --- [      Thread-13] o.s.b.a.mongo.embedded.EmbeddedMongo     : 2021-05-21T02:40:15.783-0300 I CONTROL  [initandlisten]     target_arch: x86_64
2021-05-21 02:40:15.783  INFO 20456 --- [      Thread-13] o.s.b.a.mongo.embedded.EmbeddedMongo     : 2021-05-21T02:40:15.783-0300 I CONTROL  [initandlisten] options: { net: { bindIp: "127.0.0.1", http: { enabled: false }, port: 49790 }, security: { authorization: "disabled" }, storage: { dbPath: "C:\Users\DEVELO~1\AppData\Local\Temp\embedmongo-db-bbf597b7-50c6-4d3b-bc40-f44d81ada972", journal: { enabled: false }, mmapv1: { preallocDataFiles: false, smallFiles: true }, syncPeriodSecs: 0.0 } }
2021-05-21 02:40:15.783  INFO 20456 --- [      Thread-13] o.s.b.a.mongo.embedded.EmbeddedMongo     : 2021-05-21T02:40:15.784-0300 I STORAGE  [initandlisten] wiredtiger_open config: create,cache_size=9642M,session_max=20000,eviction=(threads_min=4,threads_max=4),config_base=false,statistics=(fast),log=(enabled=true,archive=true,path=journal,compressor=snappy),file_manager=(close_idle_time=100000),checkpoint=(wait=0,log_size=2GB),statistics_log=(wait=0),verbose=(recovery_progress),,log=(enabled=false),
2021-05-21 02:40:15.834  INFO 20456 --- [      Thread-13] o.s.b.a.mongo.embedded.EmbeddedMongo     : 2021-05-21T02:40:15.834-0300 W STORAGE  [initandlisten] Detected configuration for non-active storage engine mmapv1 when current storage engine is wiredTiger
2021-05-21 02:40:15.834  INFO 20456 --- [      Thread-13] o.s.b.a.mongo.embedded.EmbeddedMongo     : 2021-05-21T02:40:15.834-0300 I CONTROL  [initandlisten] 
2021-05-21 02:40:15.834  INFO 20456 --- [      Thread-13] o.s.b.a.mongo.embedded.EmbeddedMongo     : 2021-05-21T02:40:15.834-0300 I CONTROL  [initandlisten] ** NOTE: This is a development version (3.5.5) of MongoDB.
2021-05-21 02:40:15.834  INFO 20456 --- [      Thread-13] o.s.b.a.mongo.embedded.EmbeddedMongo     : 2021-05-21T02:40:15.834-0300 I CONTROL  [initandlisten] **       Not recommended for production.
2021-05-21 02:40:15.835  INFO 20456 --- [      Thread-13] o.s.b.a.mongo.embedded.EmbeddedMongo     : 2021-05-21T02:40:15.834-0300 I CONTROL  [initandlisten] 
2021-05-21 02:40:16.122  INFO 20456 --- [      Thread-13] o.s.b.a.mongo.embedded.EmbeddedMongo     : 2021-05-21T02:40:16.122-0300 I FTDC     [initandlisten] Initializing full-time diagnostic data capture with directory 'C:/Users/DEVELO~1/AppData/Local/Temp/embedmongo-db-bbf597b7-50c6-4d3b-bc40-f44d81ada972/diagnostic.data'
2021-05-21 02:40:16.143  INFO 20456 --- [      Thread-13] o.s.b.a.mongo.embedded.EmbeddedMongo     : 2021-05-21T02:40:16.144-0300 I INDEX    [initandlisten] build index on: admin.system.version properties: { v: 2, key: { version: 1 }, name: "incompatible_with_version_32", ns: "admin.system.version" }
2021-05-21 02:40:16.144  INFO 20456 --- [      Thread-13] o.s.b.a.mongo.embedded.EmbeddedMongo     : 2021-05-21T02:40:16.144-0300 I INDEX    [initandlisten] 	 building index using bulk method; build may temporarily use up to 500 megabytes of RAM
2021-05-21 02:40:16.146  INFO 20456 --- [      Thread-13] o.s.b.a.mongo.embedded.EmbeddedMongo     : 2021-05-21T02:40:16.147-0300 I INDEX    [initandlisten] build index done.  scanned 0 total records. 0 secs
2021-05-21 02:40:16.147  INFO 20456 --- [      Thread-13] o.s.b.a.mongo.embedded.EmbeddedMongo     : 2021-05-21T02:40:16.148-0300 I COMMAND  [initandlisten] setting featureCompatibilityVersion to 3.4
2021-05-21 02:40:16.148  INFO 20456 --- [      Thread-13] o.s.b.a.mongo.embedded.EmbeddedMongo     : 2021-05-21T02:40:16.149-0300 I NETWORK  [thread1] waiting for connections on port 49790
2021-05-21 02:40:16.148  INFO 20456 --- [    Test worker] d.f.embed.mongo.MongodExecutable         : start de.flapdoodle.embed.mongo.config.MongodConfigBuilder$ImmutableMongodConfig@166decc6
2021-05-21 02:40:16.154  INFO 20456 --- [    Test worker] org.mongodb.driver.cluster               : Cluster created with settings {hosts=[localhost:49790], mode=SINGLE, requiredClusterType=UNKNOWN, serverSelectionTimeout='30000 ms'}
2021-05-21 02:40:16.156  INFO 20456 --- [      Thread-13] o.s.b.a.mongo.embedded.EmbeddedMongo     : 2021-05-21T02:40:16.157-0300 I NETWORK  [thread1] connection accepted from 127.0.0.1:49791 #1 (1 connection now open)
2021-05-21 02:40:16.157  INFO 20456 --- [      Thread-13] o.s.b.a.mongo.embedded.EmbeddedMongo     : 2021-05-21T02:40:16.157-0300 I NETWORK  [thread1] connection accepted from 127.0.0.1:49792 #2 (2 connections now open)
2021-05-21 02:40:16.158  INFO 20456 --- [      Thread-13] o.s.b.a.mongo.embedded.EmbeddedMongo     : 2021-05-21T02:40:16.158-0300 I NETWORK  [conn1] received client metadata from 127.0.0.1:49791 conn1: { driver: { name: "mongo-java-driver|sync|spring-boot", version: "4.1.2" }, os: { type: "Windows", name: "Windows 10", architecture: "amd64", version: "10.0" }, platform: "Java/Oracle Corporation/11.0.10+8-LTS-162" }
2021-05-21 02:40:16.158  INFO 20456 --- [      Thread-13] o.s.b.a.mongo.embedded.EmbeddedMongo     : 2021-05-21T02:40:16.158-0300 I NETWORK  [conn2] received client metadata from 127.0.0.1:49792 conn2: { driver: { name: "mongo-java-driver|sync|spring-boot", version: "4.1.2" }, os: { type: "Windows", name: "Windows 10", architecture: "amd64", version: "10.0" }, platform: "Java/Oracle Corporation/11.0.10+8-LTS-162" }
2021-05-21 02:40:16.160  INFO 20456 --- [localhost:49790] org.mongodb.driver.connection            : Opened connection [connectionId{localValue:5, serverValue:2}] to localhost:49790
2021-05-21 02:40:16.160  INFO 20456 --- [localhost:49790] org.mongodb.driver.connection            : Opened connection [connectionId{localValue:6, serverValue:1}] to localhost:49790
2021-05-21 02:40:16.161  INFO 20456 --- [localhost:49790] org.mongodb.driver.cluster               : Monitor thread successfully connected to server with description ServerDescription{address=localhost:49790, type=STANDALONE, state=CONNECTED, ok=true, minWireVersion=0, maxWireVersion=5, maxDocumentSize=16777216, logicalSessionTimeoutMinutes=null, roundTripTimeNanos=3179400}
2021-05-21 02:40:16.261  INFO 20456 --- [    Test worker] d.s.w.p.DocumentationPluginsBootstrapper : Context refreshed
2021-05-21 02:40:16.262  INFO 20456 --- [    Test worker] d.s.w.p.DocumentationPluginsBootstrapper : Found 1 custom documentation plugin(s)
2021-05-21 02:40:16.271  INFO 20456 --- [    Test worker] s.d.s.w.s.ApiListingReferenceScanner     : Scanning for api listing references
2021-05-21 02:40:16.374  INFO 20456 --- [    Test worker] c.a.starwars.services.PlanetServiceTest  : Started PlanetServiceTest in 2.442 seconds (JVM running for 17.58)
]]></system-out>
  <system-err><![CDATA[]]></system-err>
</testsuite>
