<?xml version="1.0" encoding="UTF-8"?>
<testsuite name="com.api.starwars.StarwarsApplicationTests" tests="1" skipped="0" failures="0" errors="0" timestamp="2021-05-21T05:40:16" hostname="DESKTOP-HHM0S89" time="0.003">
  <properties/>
  <testcase name="contextLoads()" classname="com.api.starwars.StarwarsApplicationTests" time="0.003"/>
  <system-out><![CDATA[2021-05-21 02:40:16.518  INFO 20456 --- [    Test worker] .b.t.c.SpringBootTestContextBootstrapper : Neither @ContextConfiguration nor @ContextHierarchy found for test class [com.api.starwars.StarwarsApplicationTests], using SpringBootContextLoader
2021-05-21 02:40:16.520  INFO 20456 --- [    Test worker] o.s.t.c.support.AbstractContextLoader    : Could not detect default resource locations for test class [com.api.starwars.StarwarsApplicationTests]: no resource found for suffixes {-context.xml, Context.groovy}.
2021-05-21 02:40:16.520  INFO 20456 --- [    Test worker] t.c.s.AnnotationConfigContextLoaderUtils : Could not detect default configuration classes for test class [com.api.starwars.StarwarsApplicationTests]: StarwarsApplicationTests does not declare any static, non-private, non-final, nested classes annotated with @Configuration.
2021-05-21 02:40:16.525  INFO 20456 --- [    Test worker] .b.t.c.SpringBootTestContextBootstrapper : Found @SpringBootConfiguration com.api.starwars.StarwarsApplication for test class com.api.starwars.StarwarsApplicationTests
2021-05-21 02:40:16.527  INFO 20456 --- [    Test worker] .b.t.c.SpringBootTestContextBootstrapper : Loaded default TestExecutionListener class names from location [META-INF/spring.factories]: [org.springframework.boot.test.autoconfigure.restdocs.RestDocsTestExecutionListener, org.springframework.boot.test.autoconfigure.web.client.MockRestServiceServerResetTestExecutionListener, org.springframework.boot.test.autoconfigure.web.servlet.MockMvcPrintOnlyOnFailureTestExecutionListener, org.springframework.boot.test.autoconfigure.web.servlet.WebDriverTestExecutionListener, org.springframework.boot.test.autoconfigure.webservices.client.MockWebServiceServerTestExecutionListener, org.springframework.boot.test.mock.mockito.MockitoTestExecutionListener, org.springframework.boot.test.mock.mockito.ResetMocksTestExecutionListener, org.springframework.test.context.web.ServletTestExecutionListener, org.springframework.test.context.support.DirtiesContextBeforeModesTestExecutionListener, org.springframework.test.context.event.ApplicationEventsTestExecutionListener, org.springframework.test.context.support.DependencyInjectionTestExecutionListener, org.springframework.test.context.support.DirtiesContextTestExecutionListener, org.springframework.test.context.transaction.TransactionalTestExecutionListener, org.springframework.test.context.jdbc.SqlScriptsTestExecutionListener, org.springframework.test.context.event.EventPublishingTestExecutionListener]
2021-05-21 02:40:16.528  INFO 20456 --- [    Test worker] .b.t.c.SpringBootTestContextBootstrapper : Using TestExecutionListeners: [org.springframework.test.context.web.ServletTestExecutionListener@69dcf49f, org.springframework.test.context.support.DirtiesContextBeforeModesTestExecutionListener@7740559f, org.springframework.test.context.event.ApplicationEventsTestExecutionListener@71f45770, org.springframework.boot.test.mock.mockito.MockitoTestExecutionListener@2370a0f1, org.springframework.boot.test.autoconfigure.SpringBootDependencyInjectionTestExecutionListener@2d06d00c, org.springframework.test.context.support.DirtiesContextTestExecutionListener@589f949e, org.springframework.test.context.transaction.TransactionalTestExecutionListener@b03072a, org.springframework.test.context.jdbc.SqlScriptsTestExecutionListener@2dd24993, org.springframework.test.context.event.EventPublishingTestExecutionListener@364f7a95, org.springframework.boot.test.autoconfigure.restdocs.RestDocsTestExecutionListener@12d023a6, org.springframework.boot.test.autoconfigure.web.client.MockRestServiceServerResetTestExecutionListener@1795c81, org.springframework.boot.test.autoconfigure.web.servlet.MockMvcPrintOnlyOnFailureTestExecutionListener@3e5813ec, org.springframework.boot.test.autoconfigure.web.servlet.WebDriverTestExecutionListener@738e4d60, org.springframework.boot.test.autoconfigure.webservices.client.MockWebServiceServerTestExecutionListener@60508da4, org.springframework.boot.test.mock.mockito.ResetMocksTestExecutionListener@2b06587b]
]]></system-out>
  <system-err><![CDATA[]]></system-err>
</testsuite>
